  Determining projects to restore...
  All projects are up-to-date for restore.
D:\Courses\Projects\Examination_System\Examination_System\Program.cs(8,7): warning CS0105: The using directive for 'Microsoft.EntityFrameworkCore' appeared previously in this namespace [D:\Courses\Projects\Examination_System\Examination_System\Examination_System.csproj]
D:\Courses\Projects\Examination_System\Examination_System\Models\Student.cs(12,21): warning CS0108: 'Student.Id' hides inherited member 'BaseModelGuid.Id'. Use the new keyword if hiding was intended. [D:\Courses\Projects\Examination_System\Examination_System\Examination_System.csproj]
D:\Courses\Projects\Examination_System\Examination_System\ViewModels\ResponseViewModel.cs(20,26): warning CS8601: Possible null reference assignment. [D:\Courses\Projects\Examination_System\Examination_System\Examination_System.csproj]
D:\Courses\Projects\Examination_System\Examination_System\ViewModels\ResponseViewModel.cs(12,36): warning CS8618: Non-nullable property '_links' must contain a non-null value when exiting constructor. Consider adding the 'required' modifier or declaring the property as nullable. [D:\Courses\Projects\Examination_System\Examination_System\Examination_System.csproj]
D:\Courses\Projects\Examination_System\Examination_System\ViewModels\Question\QuestionToReturnViewModel.cs(13,23): warning CS8618: Non-nullable property 'Title' must contain a non-null value when exiting constructor. Consider adding the 'required' modifier or declaring the property as nullable. [D:\Courses\Projects\Examination_System\Examination_System\Examination_System.csproj]
D:\Courses\Projects\Examination_System\Examination_System\ViewModels\Exam\CreateAutomaticExamViewModel.cs(11,23): warning CS8618: Non-nullable property 'Title' must contain a non-null value when exiting constructor. Consider adding the 'required' modifier or declaring the property as nullable. [D:\Courses\Projects\Examination_System\Examination_System\Examination_System.csproj]
D:\Courses\Projects\Examination_System\Examination_System\ViewModels\AttemptExam\ExamToAttemptResponseForStudentViewModel.cs(6,23): warning CS8618: Non-nullable property 'Title' must contain a non-null value when exiting constructor. Consider adding the 'required' modifier or declaring the property as nullable. [D:\Courses\Projects\Examination_System\Examination_System\Examination_System.csproj]
D:\Courses\Projects\Examination_System\Examination_System\ViewModels\AttemptExam\ExamToAttemptResponseForStudentViewModel.cs(11,23): warning CS8618: Non-nullable property 'ExamType' must contain a non-null value when exiting constructor. Consider adding the 'required' modifier or declaring the property as nullable. [D:\Courses\Projects\Examination_System\Examination_System\Examination_System.csproj]
D:\Courses\Projects\Examination_System\Examination_System\ViewModels\AttemptExam\ExamToAttemptResponseForStudentViewModel.cs(14,23): warning CS8618: Non-nullable property 'CourseName' must contain a non-null value when exiting constructor. Consider adding the 'required' modifier or declaring the property as nullable. [D:\Courses\Projects\Examination_System\Examination_System\Examination_System.csproj]
D:\Courses\Projects\Examination_System\Examination_System\ViewModels\AttemptExam\ExamToAttemptResponseForStudentViewModel.cs(15,23): warning CS8618: Non-nullable property 'InstructorId' must contain a non-null value when exiting constructor. Consider adding the 'required' modifier or declaring the property as nullable. [D:\Courses\Projects\Examination_System\Examination_System\Examination_System.csproj]
D:\Courses\Projects\Examination_System\Examination_System\ViewModels\AttemptExam\ExamToAttemptResponseForStudentViewModel.cs(16,23): warning CS8618: Non-nullable property 'InstructorName' must contain a non-null value when exiting constructor. Consider adding the 'required' modifier or declaring the property as nullable. [D:\Courses\Projects\Examination_System\Examination_System\Examination_System.csproj]
D:\Courses\Projects\Examination_System\Examination_System\ViewModels\Auth\StudentRegisterViewModel.cs(5,23): warning CS8618: Non-nullable property 'FirstName' must contain a non-null value when exiting constructor. Consider adding the 'required' modifier or declaring the property as nullable. [D:\Courses\Projects\Examination_System\Examination_System\Examination_System.csproj]
D:\Courses\Projects\Examination_System\Examination_System\ViewModels\Auth\StudentRegisterViewModel.cs(6,23): warning CS8618: Non-nullable property 'LastName' must contain a non-null value when exiting constructor. Consider adding the 'required' modifier or declaring the property as nullable. [D:\Courses\Projects\Examination_System\Examination_System\Examination_System.csproj]
D:\Courses\Projects\Examination_System\Examination_System\ViewModels\Auth\StudentRegisterViewModel.cs(7,23): warning CS8618: Non-nullable property 'Email' must contain a non-null value when exiting constructor. Consider adding the 'required' modifier or declaring the property as nullable. [D:\Courses\Projects\Examination_System\Examination_System\Examination_System.csproj]
D:\Courses\Projects\Examination_System\Examination_System\ViewModels\Auth\StudentRegisterViewModel.cs(8,23): warning CS8618: Non-nullable property 'Phone' must contain a non-null value when exiting constructor. Consider adding the 'required' modifier or declaring the property as nullable. [D:\Courses\Projects\Examination_System\Examination_System\Examination_System.csproj]
D:\Courses\Projects\Examination_System\Examination_System\ViewModels\Auth\StudentRegisterViewModel.cs(9,23): warning CS8618: Non-nullable property 'Password' must contain a non-null value when exiting constructor. Consider adding the 'required' modifier or declaring the property as nullable. [D:\Courses\Projects\Examination_System\Examination_System\Examination_System.csproj]
D:\Courses\Projects\Examination_System\Examination_System\ViewModels\Auth\StudentRegisterViewModel.cs(10,23): warning CS8618: Non-nullable property 'ConfirmPassword' must contain a non-null value when exiting constructor. Consider adding the 'required' modifier or declaring the property as nullable. [D:\Courses\Projects\Examination_System\Examination_System\Examination_System.csproj]
D:\Courses\Projects\Examination_System\Examination_System\ViewModels\Auth\StudentRegisterViewModel.cs(11,23): warning CS8618: Non-nullable property 'Major' must contain a non-null value when exiting constructor. Consider adding the 'required' modifier or declaring the property as nullable. [D:\Courses\Projects\Examination_System\Examination_System\Examination_System.csproj]
D:\Courses\Projects\Examination_System\Examination_System\ViewModels\Auth\LoginViewModel.cs(5,23): warning CS8618: Non-nullable property 'Email' must contain a non-null value when exiting constructor. Consider adding the 'required' modifier or declaring the property as nullable. [D:\Courses\Projects\Examination_System\Examination_System\Examination_System.csproj]
D:\Courses\Projects\Examination_System\Examination_System\ViewModels\Auth\LoginViewModel.cs(6,23): warning CS8618: Non-nullable property 'Password' must contain a non-null value when exiting constructor. Consider adding the 'required' modifier or declaring the property as nullable. [D:\Courses\Projects\Examination_System\Examination_System\Examination_System.csproj]
D:\Courses\Projects\Examination_System\Examination_System\ViewModels\Auth\InstructorRegisterViewModel.cs(5,23): warning CS8618: Non-nullable property 'FirstName' must contain a non-null value when exiting constructor. Consider adding the 'required' modifier or declaring the property as nullable. [D:\Courses\Projects\Examination_System\Examination_System\Examination_System.csproj]
D:\Courses\Projects\Examination_System\Examination_System\ViewModels\Auth\InstructorRegisterViewModel.cs(6,23): warning CS8618: Non-nullable property 'LastName' must contain a non-null value when exiting constructor. Consider adding the 'required' modifier or declaring the property as nullable. [D:\Courses\Projects\Examination_System\Examination_System\Examination_System.csproj]
D:\Courses\Projects\Examination_System\Examination_System\ViewModels\Auth\InstructorRegisterViewModel.cs(7,23): warning CS8618: Non-nullable property 'Email' must contain a non-null value when exiting constructor. Consider adding the 'required' modifier or declaring the property as nullable. [D:\Courses\Projects\Examination_System\Examination_System\Examination_System.csproj]
D:\Courses\Projects\Examination_System\Examination_System\ViewModels\Auth\InstructorRegisterViewModel.cs(8,23): warning CS8618: Non-nullable property 'Phone' must contain a non-null value when exiting constructor. Consider adding the 'required' modifier or declaring the property as nullable. [D:\Courses\Projects\Examination_System\Examination_System\Examination_System.csproj]
D:\Courses\Projects\Examination_System\Examination_System\ViewModels\Auth\InstructorRegisterViewModel.cs(9,23): warning CS8618: Non-nullable property 'Password' must contain a non-null value when exiting constructor. Consider adding the 'required' modifier or declaring the property as nullable. [D:\Courses\Projects\Examination_System\Examination_System\Examination_System.csproj]
D:\Courses\Projects\Examination_System\Examination_System\ViewModels\Auth\InstructorRegisterViewModel.cs(10,23): warning CS8618: Non-nullable property 'ConfirmPassword' must contain a non-null value when exiting constructor. Consider adding the 'required' modifier or declaring the property as nullable. [D:\Courses\Projects\Examination_System\Examination_System\Examination_System.csproj]
D:\Courses\Projects\Examination_System\Examination_System\ViewModels\Auth\InstructorRegisterViewModel.cs(11,23): warning CS8618: Non-nullable property 'Department' must contain a non-null value when exiting constructor. Consider adding the 'required' modifier or declaring the property as nullable. [D:\Courses\Projects\Examination_System\Examination_System\Examination_System.csproj]
D:\Courses\Projects\Examination_System\Examination_System\ViewModels\Auth\InstructorRegisterViewModel.cs(12,23): warning CS8618: Non-nullable property 'Specialization' must contain a non-null value when exiting constructor. Consider adding the 'required' modifier or declaring the property as nullable. [D:\Courses\Projects\Examination_System\Examination_System\Examination_System.csproj]
D:\Courses\Projects\Examination_System\Examination_System\ViewModels\AttemptExam\ExamAttemptResponseForStudentViewModel.cs(23,70): warning CS8618: Non-nullable property 'StudentAnswers' must contain a non-null value when exiting constructor. Consider adding the 'required' modifier or declaring the property as nullable. [D:\Courses\Projects\Examination_System\Examination_System\Examination_System.csproj]
D:\Courses\Projects\Examination_System\Examination_System\ViewModels\AttemptExam\AttemptAnswerResponseForStudentViewModel.cs(8,42): warning CS8618: Non-nullable property 'Question' must contain a non-null value when exiting constructor. Consider adding the 'required' modifier or declaring the property as nullable. [D:\Courses\Projects\Examination_System\Examination_System\Examination_System.csproj]
D:\Courses\Projects\Examination_System\Examination_System\ViewModels\AttemptExam\AttemptAnswerResponseForStudentViewModel.cs(10,23): warning CS8618: Non-nullable property 'ChoiceAnswer' must contain a non-null value when exiting constructor. Consider adding the 'required' modifier or declaring the property as nullable. [D:\Courses\Projects\Examination_System\Examination_System\Examination_System.csproj]
D:\Courses\Projects\Examination_System\Examination_System\Specifications\SpecsForEntity\ExamSpecifications.cs(11,29): warning CS8603: Possible null reference return. [D:\Courses\Projects\Examination_System\Examination_System\Examination_System.csproj]
D:\Courses\Projects\Examination_System\Examination_System\Specifications\SpecsForEntity\ExamSpecifications.cs(12,29): warning CS8603: Possible null reference return. [D:\Courses\Projects\Examination_System\Examination_System\Examination_System.csproj]
D:\Courses\Projects\Examination_System\Examination_System\Specifications\SpecsForEntity\CourseSpecifications.cs(15,29): warning CS8603: Possible null reference return. [D:\Courses\Projects\Examination_System\Examination_System\Examination_System.csproj]
D:\Courses\Projects\Examination_System\Examination_System\Specifications\SpecsForEntity\CourseSpecifications.cs(16,29): warning CS8603: Possible null reference return. [D:\Courses\Projects\Examination_System\Examination_System\Examination_System.csproj]
D:\Courses\Projects\Examination_System\Examination_System\Specifications\SpecsForEntity\CourseSpecifications.cs(17,29): warning CS8603: Possible null reference return. [D:\Courses\Projects\Examination_System\Examination_System\Examination_System.csproj]
D:\Courses\Projects\Examination_System\Examination_System\Specifications\BaseSpecification.cs(13,16): warning CS8618: Non-nullable property 'Criteria' must contain a non-null value when exiting constructor. Consider adding the 'required' modifier or declaring the property as nullable. [D:\Courses\Projects\Examination_System\Examination_System\Examination_System.csproj]
D:\Courses\Projects\Examination_System\Examination_System\Specifications\BaseSpecification.cs(13,16): warning CS8618: Non-nullable property 'AdvancedOrderBy' must contain a non-null value when exiting constructor. Consider adding the 'required' modifier or declaring the property as nullable. [D:\Courses\Projects\Examination_System\Examination_System\Examination_System.csproj]
D:\Courses\Projects\Examination_System\Examination_System\Specifications\BaseSpecification.cs(19,24): warning CS8601: Possible null reference assignment. [D:\Courses\Projects\Examination_System\Examination_System\Examination_System.csproj]
D:\Courses\Projects\Examination_System\Examination_System\Specifications\BaseSpecification.cs(17,16): warning CS8618: Non-nullable property 'Criteria' must contain a non-null value when exiting constructor. Consider adding the 'required' modifier or declaring the property as nullable. [D:\Courses\Projects\Examination_System\Examination_System\Examination_System.csproj]
D:\Courses\Projects\Examination_System\Examination_System\Services\UserServices\UserServices.cs(75,25): warning CS8601: Possible null reference assignment. [D:\Courses\Projects\Examination_System\Examination_System\Examination_System.csproj]
D:\Courses\Projects\Examination_System\Examination_System\Repository\GenericRepository.cs(70,20): warning CS8603: Possible null reference return. [D:\Courses\Projects\Examination_System\Examination_System\Examination_System.csproj]
D:\Courses\Projects\Examination_System\Examination_System\Services\TokenServices\TokenServices.cs(21,44): warning CS8604: Possible null reference argument for parameter 'value' in 'Claim.Claim(string type, string value)'. [D:\Courses\Projects\Examination_System\Examination_System\Examination_System.csproj]
D:\Courses\Projects\Examination_System\Examination_System\Services\TokenServices\TokenServices.cs(32,83): warning CS8604: Possible null reference argument for parameter 's' in 'byte[] Encoding.GetBytes(string s)'. [D:\Courses\Projects\Examination_System\Examination_System\Examination_System.csproj]
D:\Courses\Projects\Examination_System\Examination_System\Models\StudentAnswer.cs(13,28): warning CS8618: Non-nullable property 'ExamAttempt' must contain a non-null value when exiting constructor. Consider adding the 'required' modifier or declaring the property as nullable. [D:\Courses\Projects\Examination_System\Examination_System\Examination_System.csproj]
D:\Courses\Projects\Examination_System\Examination_System\Models\StudentAnswer.cs(17,25): warning CS8618: Non-nullable property 'Question' must contain a non-null value when exiting constructor. Consider adding the 'required' modifier or declaring the property as nullable. [D:\Courses\Projects\Examination_System\Examination_System\Examination_System.csproj]
D:\Courses\Projects\Examination_System\Examination_System\Models\StudentAnswer.cs(21,23): warning CS8618: Non-nullable property 'SelectedChoice' must contain a non-null value when exiting constructor. Consider adding the 'required' modifier or declaring the property as nullable. [D:\Courses\Projects\Examination_System\Examination_System\Examination_System.csproj]
D:\Courses\Projects\Examination_System\Examination_System\Models\Student.cs(14,21): warning CS8618: Non-nullable property 'User' must contain a non-null value when exiting constructor. Consider adding the 'required' modifier or declaring the property as nullable. [D:\Courses\Projects\Examination_System\Examination_System\Examination_System.csproj]
D:\Courses\Projects\Examination_System\Examination_System\Models\Student.cs(16,23): warning CS8618: Non-nullable property 'Major' must contain a non-null value when exiting constructor. Consider adding the 'required' modifier or declaring the property as nullable. [D:\Courses\Projects\Examination_System\Examination_System\Examination_System.csproj]
D:\Courses\Projects\Examination_System\Examination_System\Models\Student.cs(19,44): warning CS8618: Non-nullable property 'ExamAssignments' must contain a non-null value when exiting constructor. Consider adding the 'required' modifier or declaring the property as nullable. [D:\Courses\Projects\Examination_System\Examination_System\Examination_System.csproj]
D:\Courses\Projects\Examination_System\Examination_System\Models\Student.cs(20,46): warning CS8618: Non-nullable property 'CourseEnrollments' must contain a non-null value when exiting constructor. Consider adding the 'required' modifier or declaring the property as nullable. [D:\Courses\Projects\Examination_System\Examination_System\Examination_System.csproj]
D:\Courses\Projects\Examination_System\Examination_System\Models\Student.cs(21,41): warning CS8618: Non-nullable property 'ExamAttempt' must contain a non-null value when exiting constructor. Consider adding the 'required' modifier or declaring the property as nullable. [D:\Courses\Projects\Examination_System\Examination_System\Examination_System.csproj]
D:\Courses\Projects\Examination_System\Examination_System\Models\Question.cs(13,23): warning CS8618: Non-nullable property 'Title' must contain a non-null value when exiting constructor. Consider adding the 'required' modifier or declaring the property as nullable. [D:\Courses\Projects\Examination_System\Examination_System\Examination_System.csproj]
D:\Courses\Projects\Examination_System\Examination_System\Models\Question.cs(24,27): warning CS8618: Non-nullable property 'Instructor' must contain a non-null value when exiting constructor. Consider adding the 'required' modifier or declaring the property as nullable. [D:\Courses\Projects\Examination_System\Examination_System\Examination_System.csproj]
D:\Courses\Projects\Examination_System\Examination_System\Models\Question.cs(28,23): warning CS8618: Non-nullable property 'Course' must contain a non-null value when exiting constructor. Consider adding the 'required' modifier or declaring the property as nullable. [D:\Courses\Projects\Examination_System\Examination_System\Examination_System.csproj]
D:\Courses\Projects\Examination_System\Examination_System\Models\Course.cs(9,23): warning CS8618: Non-nullable property 'Hours' must contain a non-null value when exiting constructor. Consider adding the 'required' modifier or declaring the property as nullable. [D:\Courses\Projects\Examination_System\Examination_System\Examination_System.csproj]
D:\Courses\Projects\Examination_System\Examination_System\Models\Course.cs(11,23): warning CS8618: Non-nullable property 'Name' must contain a non-null value when exiting constructor. Consider adding the 'required' modifier or declaring the property as nullable. [D:\Courses\Projects\Examination_System\Examination_System\Examination_System.csproj]
D:\Courses\Projects\Examination_System\Examination_System\Models\Course.cs(13,23): warning CS8618: Non-nullable property 'Description' must contain a non-null value when exiting constructor. Consider adding the 'required' modifier or declaring the property as nullable. [D:\Courses\Projects\Examination_System\Examination_System\Examination_System.csproj]
D:\Courses\Projects\Examination_System\Examination_System\Extensions\IdentityServiceExtension.cs(52,43): warning CS8604: Possible null reference argument for parameter 's' in 'byte[] Encoding.GetBytes(string s)'. [D:\Courses\Projects\Examination_System\Examination_System\Examination_System.csproj]
D:\Courses\Projects\Examination_System\Examination_System\DTOs\Question\QuestionToReturnForStudentDto.cs(11,23): warning CS8618: Non-nullable property 'Title' must contain a non-null value when exiting constructor. Consider adding the 'required' modifier or declaring the property as nullable. [D:\Courses\Projects\Examination_System\Examination_System\Examination_System.csproj]
D:\Courses\Projects\Examination_System\Examination_System\DTOs\Question\QuestionToReturnForStudentDto.cs(13,57): warning CS8618: Non-nullable property 'Choices' must contain a non-null value when exiting constructor. Consider adding the 'required' modifier or declaring the property as nullable. [D:\Courses\Projects\Examination_System\Examination_System\Examination_System.csproj]
D:\Courses\Projects\Examination_System\Examination_System\DTOs\Question\ChoiceToReturnForInstructorDto.cs(8,23): warning CS8618: Non-nullable property 'Text' must contain a non-null value when exiting constructor. Consider adding the 'required' modifier or declaring the property as nullable. [D:\Courses\Projects\Examination_System\Examination_System\Examination_System.csproj]
D:\Courses\Projects\Examination_System\Examination_System\DTOs\Exam\ExamDto.cs(8,23): warning CS8618: Non-nullable property 'Title' must contain a non-null value when exiting constructor. Consider adding the 'required' modifier or declaring the property as nullable. [D:\Courses\Projects\Examination_System\Examination_System\Examination_System.csproj]
D:\Courses\Projects\Examination_System\Examination_System\DTOs\Exam\ExamDto.cs(13,23): warning CS8618: Non-nullable property 'ExamType' must contain a non-null value when exiting constructor. Consider adding the 'required' modifier or declaring the property as nullable. [D:\Courses\Projects\Examination_System\Examination_System\Examination_System.csproj]
D:\Courses\Projects\Examination_System\Examination_System\DTOs\Exam\ExamDto.cs(16,23): warning CS8618: Non-nullable property 'CourseName' must contain a non-null value when exiting constructor. Consider adding the 'required' modifier or declaring the property as nullable. [D:\Courses\Projects\Examination_System\Examination_System\Examination_System.csproj]
D:\Courses\Projects\Examination_System\Examination_System\DTOs\Exam\ExamDto.cs(18,23): warning CS8618: Non-nullable property 'InstructorName' must contain a non-null value when exiting constructor. Consider adding the 'required' modifier or declaring the property as nullable. [D:\Courses\Projects\Examination_System\Examination_System\Examination_System.csproj]
D:\Courses\Projects\Examination_System\Examination_System\DTOs\Exam\CreateAutomaticExamDto.cs(11,23): warning CS8618: Non-nullable property 'Title' must contain a non-null value when exiting constructor. Consider adding the 'required' modifier or declaring the property as nullable. [D:\Courses\Projects\Examination_System\Examination_System\Examination_System.csproj]
D:\Courses\Projects\Examination_System\Examination_System\DTOs\Question\ChoiceToReturnForStudentDto.cs(6,23): warning CS8618: Non-nullable property 'Text' must contain a non-null value when exiting constructor. Consider adding the 'required' modifier or declaring the property as nullable. [D:\Courses\Projects\Examination_System\Examination_System\Examination_System.csproj]
D:\Courses\Projects\Examination_System\Examination_System\DTOs\ExamAttempt\resultToReturnDto.cs(9,40): warning CS8618: Non-nullable property 'Answers' must contain a non-null value when exiting constructor. Consider adding the 'required' modifier or declaring the property as nullable. [D:\Courses\Projects\Examination_System\Examination_System\Examination_System.csproj]
D:\Courses\Projects\Examination_System\Examination_System\DTOs\ExamAttempt\ExamToAttemptDto.cs(28,23): warning CS8618: Non-nullable property 'Text' must contain a non-null value when exiting constructor. Consider adding the 'required' modifier or declaring the property as nullable. [D:\Courses\Projects\Examination_System\Examination_System\Examination_System.csproj]
D:\Courses\Projects\Examination_System\Examination_System\DTOs\ExamAttempt\ExamToAttemptDto.cs(20,23): warning CS8618: Non-nullable property 'Title' must contain a non-null value when exiting constructor. Consider adding the 'required' modifier or declaring the property as nullable. [D:\Courses\Projects\Examination_System\Examination_System\Examination_System.csproj]
D:\Courses\Projects\Examination_System\Examination_System\DTOs\ExamAttempt\ExamAttemptDto.cs(29,36): warning CS8618: Non-nullable property 'Question' must contain a non-null value when exiting constructor. Consider adding the 'required' modifier or declaring the property as nullable. [D:\Courses\Projects\Examination_System\Examination_System\Examination_System.csproj]
D:\Courses\Projects\Examination_System\Examination_System\DTOs\ExamAttempt\ExamAttemptDto.cs(30,23): warning CS8618: Non-nullable property 'ChoiceAnswer' must contain a non-null value when exiting constructor. Consider adding the 'required' modifier or declaring the property as nullable. [D:\Courses\Projects\Examination_System\Examination_System\Examination_System.csproj]
D:\Courses\Projects\Examination_System\Examination_System\DTOs\ExamAttempt\AttemptAnswersDto.cs(9,45): warning CS8618: Non-nullable property 'Question' must contain a non-null value when exiting constructor. Consider adding the 'required' modifier or declaring the property as nullable. [D:\Courses\Projects\Examination_System\Examination_System\Examination_System.csproj]
D:\Courses\Projects\Examination_System\Examination_System\DTOs\ExamAttempt\AttemptAnswersDto.cs(11,22): warning CS8618: Non-nullable property 'SelectedChoiceText' must contain a non-null value when exiting constructor. Consider adding the 'required' modifier or declaring the property as nullable. [D:\Courses\Projects\Examination_System\Examination_System\Examination_System.csproj]
D:\Courses\Projects\Examination_System\Examination_System\DTOs\Course\CourseDto.cs(6,23): warning CS8618: Non-nullable property 'Name' must contain a non-null value when exiting constructor. Consider adding the 'required' modifier or declaring the property as nullable. [D:\Courses\Projects\Examination_System\Examination_System\Examination_System.csproj]
D:\Courses\Projects\Examination_System\Examination_System\DTOs\Course\CourseDto.cs(7,23): warning CS8618: Non-nullable property 'Description' must contain a non-null value when exiting constructor. Consider adding the 'required' modifier or declaring the property as nullable. [D:\Courses\Projects\Examination_System\Examination_System\Examination_System.csproj]
D:\Courses\Projects\Examination_System\Examination_System\DTOs\Course\CourseDto.cs(8,23): warning CS8618: Non-nullable property 'Hours' must contain a non-null value when exiting constructor. Consider adding the 'required' modifier or declaring the property as nullable. [D:\Courses\Projects\Examination_System\Examination_System\Examination_System.csproj]
D:\Courses\Projects\Examination_System\Examination_System\DTOs\Auth\RegisterDto.cs(9,23): warning CS8618: Non-nullable property 'FirstName' must contain a non-null value when exiting constructor. Consider adding the 'required' modifier or declaring the property as nullable. [D:\Courses\Projects\Examination_System\Examination_System\Examination_System.csproj]
D:\Courses\Projects\Examination_System\Examination_System\DTOs\Auth\RegisterDto.cs(12,23): warning CS8618: Non-nullable property 'LastName' must contain a non-null value when exiting constructor. Consider adding the 'required' modifier or declaring the property as nullable. [D:\Courses\Projects\Examination_System\Examination_System\Examination_System.csproj]
D:\Courses\Projects\Examination_System\Examination_System\DTOs\Auth\RegisterDto.cs(16,21): warning CS8618: Non-nullable property 'Password' must contain a non-null value when exiting constructor. Consider adding the 'required' modifier or declaring the property as nullable. [D:\Courses\Projects\Examination_System\Examination_System\Examination_System.csproj]
D:\Courses\Projects\Examination_System\Examination_System\DTOs\Auth\RegisterDto.cs(19,23): warning CS8618: Non-nullable property 'Email' must contain a non-null value when exiting constructor. Consider adding the 'required' modifier or declaring the property as nullable. [D:\Courses\Projects\Examination_System\Examination_System\Examination_System.csproj]
D:\Courses\Projects\Examination_System\Examination_System\DTOs\Auth\RegisterDto.cs(22,23): warning CS8618: Non-nullable property 'Phone' must contain a non-null value when exiting constructor. Consider adding the 'required' modifier or declaring the property as nullable. [D:\Courses\Projects\Examination_System\Examination_System\Examination_System.csproj]
D:\Courses\Projects\Examination_System\Examination_System\DTOs\Auth\LoginDto.cs(10,23): warning CS8618: Non-nullable property 'Email' must contain a non-null value when exiting constructor. Consider adding the 'required' modifier or declaring the property as nullable. [D:\Courses\Projects\Examination_System\Examination_System\Examination_System.csproj]
D:\Courses\Projects\Examination_System\Examination_System\DTOs\Auth\LoginDto.cs(13,23): warning CS8618: Non-nullable property 'Password' must contain a non-null value when exiting constructor. Consider adding the 'required' modifier or declaring the property as nullable. [D:\Courses\Projects\Examination_System\Examination_System\Examination_System.csproj]
D:\Courses\Projects\Examination_System\Examination_System\Services\ExamAttemptServices\Validators\ExamAvailabilityValidator.cs(40,43): warning CS8625: Cannot convert null literal to non-nullable reference type. [D:\Courses\Projects\Examination_System\Examination_System\Examination_System.csproj]
D:\Courses\Projects\Examination_System\Examination_System\Services\CurrentUserServices\CurrentUserServices.cs(22,31): warning CS8629: Nullable value type may be null. [D:\Courses\Projects\Examination_System\Examination_System\Examination_System.csproj]
D:\Courses\Projects\Examination_System\Examination_System\Controllers\ExamController.cs(53,17): warning CS8604: Possible null reference argument for parameter 'item' in 'void List<LinkViewModel>.Add(LinkViewModel item)'. [D:\Courses\Projects\Examination_System\Examination_System\Examination_System.csproj]
D:\Courses\Projects\Examination_System\Examination_System\Controllers\ExamController.cs(54,71): warning CS8602: Dereference of a possibly null reference. [D:\Courses\Projects\Examination_System\Examination_System\Examination_System.csproj]
D:\Courses\Projects\Examination_System\Examination_System\Controllers\ExamController.cs(54,17): warning CS8604: Possible null reference argument for parameter 'item' in 'void List<LinkViewModel>.Add(LinkViewModel item)'. [D:\Courses\Projects\Examination_System\Examination_System\Examination_System.csproj]
D:\Courses\Projects\Examination_System\Examination_System\Controllers\BaseController.cs(56,95): warning CS8604: Possible null reference argument for parameter 'message' in 'ResponseViewModel<TViewModel> ResponseViewModel<TViewModel>.Failure(ErrorCode errorCode, string message)'. [D:\Courses\Projects\Examination_System\Examination_System\Examination_System.csproj]
D:\Courses\Projects\Examination_System\Examination_System\ViewModels\Choice\ChoiceToReturnViewModel.cs(6,23): warning CS8618: Non-nullable property 'Text' must contain a non-null value when exiting constructor. Consider adding the 'required' modifier or declaring the property as nullable. [D:\Courses\Projects\Examination_System\Examination_System\Examination_System.csproj]
D:\Courses\Projects\Examination_System\Examination_System\Controllers\BaseController.cs(91,100): warning CS8604: Possible null reference argument for parameter 'message' in 'ResponseViewModel<IEnumerable<TViewModel>> ResponseViewModel<IEnumerable<TViewModel>>.Failure(ErrorCode errorCode, string message)'. [D:\Courses\Projects\Examination_System\Examination_System\Examination_System.csproj]
D:\Courses\Projects\Examination_System\Examination_System\Controllers\AccountController.cs(32,81): warning CS8604: Possible null reference argument for parameter 'message' in 'ResponseViewModel<UserDto> ResponseViewModel<UserDto>.Failure(ErrorCode errorCode, string message)'. [D:\Courses\Projects\Examination_System\Examination_System\Examination_System.csproj]
D:\Courses\Projects\Examination_System\Examination_System\Controllers\BaseController.cs(121,28): error CS1929: 'LinkGenerator' does not contain a definition for 'GetUriByAction' and the best extension method overload 'ControllerLinkGeneratorExtensions.GetUriByAction(LinkGenerator, HttpContext, string?, string?, object?, string?, HostString?, PathString?, FragmentString, LinkOptions?)' requires a receiver of type 'Microsoft.AspNetCore.Routing.LinkGenerator' [D:\Courses\Projects\Examination_System\Examination_System\Examination_System.csproj]
D:\Courses\Projects\Examination_System\Examination_System\Controllers\BaseController.cs(138,24): error CS1929: 'LinkGenerator' does not contain a definition for 'GetUriByAction' and the best extension method overload 'ControllerLinkGeneratorExtensions.GetUriByAction(LinkGenerator, HttpContext, string?, string?, object?, string?, HostString?, PathString?, FragmentString, LinkOptions?)' requires a receiver of type 'Microsoft.AspNetCore.Routing.LinkGenerator' [D:\Courses\Projects\Examination_System\Examination_System\Examination_System.csproj]

Build FAILED.

D:\Courses\Projects\Examination_System\Examination_System\Program.cs(8,7): warning CS0105: The using directive for 'Microsoft.EntityFrameworkCore' appeared previously in this namespace [D:\Courses\Projects\Examination_System\Examination_System\Examination_System.csproj]
D:\Courses\Projects\Examination_System\Examination_System\Models\Student.cs(12,21): warning CS0108: 'Student.Id' hides inherited member 'BaseModelGuid.Id'. Use the new keyword if hiding was intended. [D:\Courses\Projects\Examination_System\Examination_System\Examination_System.csproj]
D:\Courses\Projects\Examination_System\Examination_System\ViewModels\ResponseViewModel.cs(20,26): warning CS8601: Possible null reference assignment. [D:\Courses\Projects\Examination_System\Examination_System\Examination_System.csproj]
D:\Courses\Projects\Examination_System\Examination_System\ViewModels\ResponseViewModel.cs(12,36): warning CS8618: Non-nullable property '_links' must contain a non-null value when exiting constructor. Consider adding the 'required' modifier or declaring the property as nullable. [D:\Courses\Projects\Examination_System\Examination_System\Examination_System.csproj]
D:\Courses\Projects\Examination_System\Examination_System\ViewModels\Question\QuestionToReturnViewModel.cs(13,23): warning CS8618: Non-nullable property 'Title' must contain a non-null value when exiting constructor. Consider adding the 'required' modifier or declaring the property as nullable. [D:\Courses\Projects\Examination_System\Examination_System\Examination_System.csproj]
D:\Courses\Projects\Examination_System\Examination_System\ViewModels\Exam\CreateAutomaticExamViewModel.cs(11,23): warning CS8618: Non-nullable property 'Title' must contain a non-null value when exiting constructor. Consider adding the 'required' modifier or declaring the property as nullable. [D:\Courses\Projects\Examination_System\Examination_System\Examination_System.csproj]
D:\Courses\Projects\Examination_System\Examination_System\ViewModels\AttemptExam\ExamToAttemptResponseForStudentViewModel.cs(6,23): warning CS8618: Non-nullable property 'Title' must contain a non-null value when exiting constructor. Consider adding the 'required' modifier or declaring the property as nullable. [D:\Courses\Projects\Examination_System\Examination_System\Examination_System.csproj]
D:\Courses\Projects\Examination_System\Examination_System\ViewModels\AttemptExam\ExamToAttemptResponseForStudentViewModel.cs(11,23): warning CS8618: Non-nullable property 'ExamType' must contain a non-null value when exiting constructor. Consider adding the 'required' modifier or declaring the property as nullable. [D:\Courses\Projects\Examination_System\Examination_System\Examination_System.csproj]
D:\Courses\Projects\Examination_System\Examination_System\ViewModels\AttemptExam\ExamToAttemptResponseForStudentViewModel.cs(14,23): warning CS8618: Non-nullable property 'CourseName' must contain a non-null value when exiting constructor. Consider adding the 'required' modifier or declaring the property as nullable. [D:\Courses\Projects\Examination_System\Examination_System\Examination_System.csproj]
D:\Courses\Projects\Examination_System\Examination_System\ViewModels\AttemptExam\ExamToAttemptResponseForStudentViewModel.cs(15,23): warning CS8618: Non-nullable property 'InstructorId' must contain a non-null value when exiting constructor. Consider adding the 'required' modifier or declaring the property as nullable. [D:\Courses\Projects\Examination_System\Examination_System\Examination_System.csproj]
D:\Courses\Projects\Examination_System\Examination_System\ViewModels\AttemptExam\ExamToAttemptResponseForStudentViewModel.cs(16,23): warning CS8618: Non-nullable property 'InstructorName' must contain a non-null value when exiting constructor. Consider adding the 'required' modifier or declaring the property as nullable. [D:\Courses\Projects\Examination_System\Examination_System\Examination_System.csproj]
D:\Courses\Projects\Examination_System\Examination_System\ViewModels\Auth\StudentRegisterViewModel.cs(5,23): warning CS8618: Non-nullable property 'FirstName' must contain a non-null value when exiting constructor. Consider adding the 'required' modifier or declaring the property as nullable. [D:\Courses\Projects\Examination_System\Examination_System\Examination_System.csproj]
D:\Courses\Projects\Examination_System\Examination_System\ViewModels\Auth\StudentRegisterViewModel.cs(6,23): warning CS8618: Non-nullable property 'LastName' must contain a non-null value when exiting constructor. Consider adding the 'required' modifier or declaring the property as nullable. [D:\Courses\Projects\Examination_System\Examination_System\Examination_System.csproj]
D:\Courses\Projects\Examination_System\Examination_System\ViewModels\Auth\StudentRegisterViewModel.cs(7,23): warning CS8618: Non-nullable property 'Email' must contain a non-null value when exiting constructor. Consider adding the 'required' modifier or declaring the property as nullable. [D:\Courses\Projects\Examination_System\Examination_System\Examination_System.csproj]
D:\Courses\Projects\Examination_System\Examination_System\ViewModels\Auth\StudentRegisterViewModel.cs(8,23): warning CS8618: Non-nullable property 'Phone' must contain a non-null value when exiting constructor. Consider adding the 'required' modifier or declaring the property as nullable. [D:\Courses\Projects\Examination_System\Examination_System\Examination_System.csproj]
D:\Courses\Projects\Examination_System\Examination_System\ViewModels\Auth\StudentRegisterViewModel.cs(9,23): warning CS8618: Non-nullable property 'Password' must contain a non-null value when exiting constructor. Consider adding the 'required' modifier or declaring the property as nullable. [D:\Courses\Projects\Examination_System\Examination_System\Examination_System.csproj]
D:\Courses\Projects\Examination_System\Examination_System\ViewModels\Auth\StudentRegisterViewModel.cs(10,23): warning CS8618: Non-nullable property 'ConfirmPassword' must contain a non-null value when exiting constructor. Consider adding the 'required' modifier or declaring the property as nullable. [D:\Courses\Projects\Examination_System\Examination_System\Examination_System.csproj]
D:\Courses\Projects\Examination_System\Examination_System\ViewModels\Auth\StudentRegisterViewModel.cs(11,23): warning CS8618: Non-nullable property 'Major' must contain a non-null value when exiting constructor. Consider adding the 'required' modifier or declaring the property as nullable. [D:\Courses\Projects\Examination_System\Examination_System\Examination_System.csproj]
D:\Courses\Projects\Examination_System\Examination_System\ViewModels\Auth\LoginViewModel.cs(5,23): warning CS8618: Non-nullable property 'Email' must contain a non-null value when exiting constructor. Consider adding the 'required' modifier or declaring the property as nullable. [D:\Courses\Projects\Examination_System\Examination_System\Examination_System.csproj]
D:\Courses\Projects\Examination_System\Examination_System\ViewModels\Auth\LoginViewModel.cs(6,23): warning CS8618: Non-nullable property 'Password' must contain a non-null value when exiting constructor. Consider adding the 'required' modifier or declaring the property as nullable. [D:\Courses\Projects\Examination_System\Examination_System\Examination_System.csproj]
D:\Courses\Projects\Examination_System\Examination_System\ViewModels\Auth\InstructorRegisterViewModel.cs(5,23): warning CS8618: Non-nullable property 'FirstName' must contain a non-null value when exiting constructor. Consider adding the 'required' modifier or declaring the property as nullable. [D:\Courses\Projects\Examination_System\Examination_System\Examination_System.csproj]
D:\Courses\Projects\Examination_System\Examination_System\ViewModels\Auth\InstructorRegisterViewModel.cs(6,23): warning CS8618: Non-nullable property 'LastName' must contain a non-null value when exiting constructor. Consider adding the 'required' modifier or declaring the property as nullable. [D:\Courses\Projects\Examination_System\Examination_System\Examination_System.csproj]
D:\Courses\Projects\Examination_System\Examination_System\ViewModels\Auth\InstructorRegisterViewModel.cs(7,23): warning CS8618: Non-nullable property 'Email' must contain a non-null value when exiting constructor. Consider adding the 'required' modifier or declaring the property as nullable. [D:\Courses\Projects\Examination_System\Examination_System\Examination_System.csproj]
D:\Courses\Projects\Examination_System\Examination_System\ViewModels\Auth\InstructorRegisterViewModel.cs(8,23): warning CS8618: Non-nullable property 'Phone' must contain a non-null value when exiting constructor. Consider adding the 'required' modifier or declaring the property as nullable. [D:\Courses\Projects\Examination_System\Examination_System\Examination_System.csproj]
D:\Courses\Projects\Examination_System\Examination_System\ViewModels\Auth\InstructorRegisterViewModel.cs(9,23): warning CS8618: Non-nullable property 'Password' must contain a non-null value when exiting constructor. Consider adding the 'required' modifier or declaring the property as nullable. [D:\Courses\Projects\Examination_System\Examination_System\Examination_System.csproj]
D:\Courses\Projects\Examination_System\Examination_System\ViewModels\Auth\InstructorRegisterViewModel.cs(10,23): warning CS8618: Non-nullable property 'ConfirmPassword' must contain a non-null value when exiting constructor. Consider adding the 'required' modifier or declaring the property as nullable. [D:\Courses\Projects\Examination_System\Examination_System\Examination_System.csproj]
D:\Courses\Projects\Examination_System\Examination_System\ViewModels\Auth\InstructorRegisterViewModel.cs(11,23): warning CS8618: Non-nullable property 'Department' must contain a non-null value when exiting constructor. Consider adding the 'required' modifier or declaring the property as nullable. [D:\Courses\Projects\Examination_System\Examination_System\Examination_System.csproj]
D:\Courses\Projects\Examination_System\Examination_System\ViewModels\Auth\InstructorRegisterViewModel.cs(12,23): warning CS8618: Non-nullable property 'Specialization' must contain a non-null value when exiting constructor. Consider adding the 'required' modifier or declaring the property as nullable. [D:\Courses\Projects\Examination_System\Examination_System\Examination_System.csproj]
D:\Courses\Projects\Examination_System\Examination_System\ViewModels\AttemptExam\ExamAttemptResponseForStudentViewModel.cs(23,70): warning CS8618: Non-nullable property 'StudentAnswers' must contain a non-null value when exiting constructor. Consider adding the 'required' modifier or declaring the property as nullable. [D:\Courses\Projects\Examination_System\Examination_System\Examination_System.csproj]
D:\Courses\Projects\Examination_System\Examination_System\ViewModels\AttemptExam\AttemptAnswerResponseForStudentViewModel.cs(8,42): warning CS8618: Non-nullable property 'Question' must contain a non-null value when exiting constructor. Consider adding the 'required' modifier or declaring the property as nullable. [D:\Courses\Projects\Examination_System\Examination_System\Examination_System.csproj]
D:\Courses\Projects\Examination_System\Examination_System\ViewModels\AttemptExam\AttemptAnswerResponseForStudentViewModel.cs(10,23): warning CS8618: Non-nullable property 'ChoiceAnswer' must contain a non-null value when exiting constructor. Consider adding the 'required' modifier or declaring the property as nullable. [D:\Courses\Projects\Examination_System\Examination_System\Examination_System.csproj]
D:\Courses\Projects\Examination_System\Examination_System\Specifications\SpecsForEntity\ExamSpecifications.cs(11,29): warning CS8603: Possible null reference return. [D:\Courses\Projects\Examination_System\Examination_System\Examination_System.csproj]
D:\Courses\Projects\Examination_System\Examination_System\Specifications\SpecsForEntity\ExamSpecifications.cs(12,29): warning CS8603: Possible null reference return. [D:\Courses\Projects\Examination_System\Examination_System\Examination_System.csproj]
D:\Courses\Projects\Examination_System\Examination_System\Specifications\SpecsForEntity\CourseSpecifications.cs(15,29): warning CS8603: Possible null reference return. [D:\Courses\Projects\Examination_System\Examination_System\Examination_System.csproj]
D:\Courses\Projects\Examination_System\Examination_System\Specifications\SpecsForEntity\CourseSpecifications.cs(16,29): warning CS8603: Possible null reference return. [D:\Courses\Projects\Examination_System\Examination_System\Examination_System.csproj]
D:\Courses\Projects\Examination_System\Examination_System\Specifications\SpecsForEntity\CourseSpecifications.cs(17,29): warning CS8603: Possible null reference return. [D:\Courses\Projects\Examination_System\Examination_System\Examination_System.csproj]
D:\Courses\Projects\Examination_System\Examination_System\Specifications\BaseSpecification.cs(13,16): warning CS8618: Non-nullable property 'Criteria' must contain a non-null value when exiting constructor. Consider adding the 'required' modifier or declaring the property as nullable. [D:\Courses\Projects\Examination_System\Examination_System\Examination_System.csproj]
D:\Courses\Projects\Examination_System\Examination_System\Specifications\BaseSpecification.cs(13,16): warning CS8618: Non-nullable property 'AdvancedOrderBy' must contain a non-null value when exiting constructor. Consider adding the 'required' modifier or declaring the property as nullable. [D:\Courses\Projects\Examination_System\Examination_System\Examination_System.csproj]
D:\Courses\Projects\Examination_System\Examination_System\Specifications\BaseSpecification.cs(19,24): warning CS8601: Possible null reference assignment. [D:\Courses\Projects\Examination_System\Examination_System\Examination_System.csproj]
D:\Courses\Projects\Examination_System\Examination_System\Specifications\BaseSpecification.cs(17,16): warning CS8618: Non-nullable property 'Criteria' must contain a non-null value when exiting constructor. Consider adding the 'required' modifier or declaring the property as nullable. [D:\Courses\Projects\Examination_System\Examination_System\Examination_System.csproj]
D:\Courses\Projects\Examination_System\Examination_System\Services\UserServices\UserServices.cs(75,25): warning CS8601: Possible null reference assignment. [D:\Courses\Projects\Examination_System\Examination_System\Examination_System.csproj]
D:\Courses\Projects\Examination_System\Examination_System\Repository\GenericRepository.cs(70,20): warning CS8603: Possible null reference return. [D:\Courses\Projects\Examination_System\Examination_System\Examination_System.csproj]
D:\Courses\Projects\Examination_System\Examination_System\Services\TokenServices\TokenServices.cs(21,44): warning CS8604: Possible null reference argument for parameter 'value' in 'Claim.Claim(string type, string value)'. [D:\Courses\Projects\Examination_System\Examination_System\Examination_System.csproj]
D:\Courses\Projects\Examination_System\Examination_System\Services\TokenServices\TokenServices.cs(32,83): warning CS8604: Possible null reference argument for parameter 's' in 'byte[] Encoding.GetBytes(string s)'. [D:\Courses\Projects\Examination_System\Examination_System\Examination_System.csproj]
D:\Courses\Projects\Examination_System\Examination_System\Models\StudentAnswer.cs(13,28): warning CS8618: Non-nullable property 'ExamAttempt' must contain a non-null value when exiting constructor. Consider adding the 'required' modifier or declaring the property as nullable. [D:\Courses\Projects\Examination_System\Examination_System\Examination_System.csproj]
D:\Courses\Projects\Examination_System\Examination_System\Models\StudentAnswer.cs(17,25): warning CS8618: Non-nullable property 'Question' must contain a non-null value when exiting constructor. Consider adding the 'required' modifier or declaring the property as nullable. [D:\Courses\Projects\Examination_System\Examination_System\Examination_System.csproj]
D:\Courses\Projects\Examination_System\Examination_System\Models\StudentAnswer.cs(21,23): warning CS8618: Non-nullable property 'SelectedChoice' must contain a non-null value when exiting constructor. Consider adding the 'required' modifier or declaring the property as nullable. [D:\Courses\Projects\Examination_System\Examination_System\Examination_System.csproj]
D:\Courses\Projects\Examination_System\Examination_System\Models\Student.cs(14,21): warning CS8618: Non-nullable property 'User' must contain a non-null value when exiting constructor. Consider adding the 'required' modifier or declaring the property as nullable. [D:\Courses\Projects\Examination_System\Examination_System\Examination_System.csproj]
D:\Courses\Projects\Examination_System\Examination_System\Models\Student.cs(16,23): warning CS8618: Non-nullable property 'Major' must contain a non-null value when exiting constructor. Consider adding the 'required' modifier or declaring the property as nullable. [D:\Courses\Projects\Examination_System\Examination_System\Examination_System.csproj]
D:\Courses\Projects\Examination_System\Examination_System\Models\Student.cs(19,44): warning CS8618: Non-nullable property 'ExamAssignments' must contain a non-null value when exiting constructor. Consider adding the 'required' modifier or declaring the property as nullable. [D:\Courses\Projects\Examination_System\Examination_System\Examination_System.csproj]
D:\Courses\Projects\Examination_System\Examination_System\Models\Student.cs(20,46): warning CS8618: Non-nullable property 'CourseEnrollments' must contain a non-null value when exiting constructor. Consider adding the 'required' modifier or declaring the property as nullable. [D:\Courses\Projects\Examination_System\Examination_System\Examination_System.csproj]
D:\Courses\Projects\Examination_System\Examination_System\Models\Student.cs(21,41): warning CS8618: Non-nullable property 'ExamAttempt' must contain a non-null value when exiting constructor. Consider adding the 'required' modifier or declaring the property as nullable. [D:\Courses\Projects\Examination_System\Examination_System\Examination_System.csproj]
D:\Courses\Projects\Examination_System\Examination_System\Models\Question.cs(13,23): warning CS8618: Non-nullable property 'Title' must contain a non-null value when exiting constructor. Consider adding the 'required' modifier or declaring the property as nullable. [D:\Courses\Projects\Examination_System\Examination_System\Examination_System.csproj]
D:\Courses\Projects\Examination_System\Examination_System\Models\Question.cs(24,27): warning CS8618: Non-nullable property 'Instructor' must contain a non-null value when exiting constructor. Consider adding the 'required' modifier or declaring the property as nullable. [D:\Courses\Projects\Examination_System\Examination_System\Examination_System.csproj]
D:\Courses\Projects\Examination_System\Examination_System\Models\Question.cs(28,23): warning CS8618: Non-nullable property 'Course' must contain a non-null value when exiting constructor. Consider adding the 'required' modifier or declaring the property as nullable. [D:\Courses\Projects\Examination_System\Examination_System\Examination_System.csproj]
D:\Courses\Projects\Examination_System\Examination_System\Models\Course.cs(9,23): warning CS8618: Non-nullable property 'Hours' must contain a non-null value when exiting constructor. Consider adding the 'required' modifier or declaring the property as nullable. [D:\Courses\Projects\Examination_System\Examination_System\Examination_System.csproj]
D:\Courses\Projects\Examination_System\Examination_System\Models\Course.cs(11,23): warning CS8618: Non-nullable property 'Name' must contain a non-null value when exiting constructor. Consider adding the 'required' modifier or declaring the property as nullable. [D:\Courses\Projects\Examination_System\Examination_System\Examination_System.csproj]
D:\Courses\Projects\Examination_System\Examination_System\Models\Course.cs(13,23): warning CS8618: Non-nullable property 'Description' must contain a non-null value when exiting constructor. Consider adding the 'required' modifier or declaring the property as nullable. [D:\Courses\Projects\Examination_System\Examination_System\Examination_System.csproj]
D:\Courses\Projects\Examination_System\Examination_System\Extensions\IdentityServiceExtension.cs(52,43): warning CS8604: Possible null reference argument for parameter 's' in 'byte[] Encoding.GetBytes(string s)'. [D:\Courses\Projects\Examination_System\Examination_System\Examination_System.csproj]
D:\Courses\Projects\Examination_System\Examination_System\DTOs\Question\QuestionToReturnForStudentDto.cs(11,23): warning CS8618: Non-nullable property 'Title' must contain a non-null value when exiting constructor. Consider adding the 'required' modifier or declaring the property as nullable. [D:\Courses\Projects\Examination_System\Examination_System\Examination_System.csproj]
D:\Courses\Projects\Examination_System\Examination_System\DTOs\Question\QuestionToReturnForStudentDto.cs(13,57): warning CS8618: Non-nullable property 'Choices' must contain a non-null value when exiting constructor. Consider adding the 'required' modifier or declaring the property as nullable. [D:\Courses\Projects\Examination_System\Examination_System\Examination_System.csproj]
D:\Courses\Projects\Examination_System\Examination_System\DTOs\Question\ChoiceToReturnForInstructorDto.cs(8,23): warning CS8618: Non-nullable property 'Text' must contain a non-null value when exiting constructor. Consider adding the 'required' modifier or declaring the property as nullable. [D:\Courses\Projects\Examination_System\Examination_System\Examination_System.csproj]
D:\Courses\Projects\Examination_System\Examination_System\DTOs\Exam\ExamDto.cs(8,23): warning CS8618: Non-nullable property 'Title' must contain a non-null value when exiting constructor. Consider adding the 'required' modifier or declaring the property as nullable. [D:\Courses\Projects\Examination_System\Examination_System\Examination_System.csproj]
D:\Courses\Projects\Examination_System\Examination_System\DTOs\Exam\ExamDto.cs(13,23): warning CS8618: Non-nullable property 'ExamType' must contain a non-null value when exiting constructor. Consider adding the 'required' modifier or declaring the property as nullable. [D:\Courses\Projects\Examination_System\Examination_System\Examination_System.csproj]
D:\Courses\Projects\Examination_System\Examination_System\DTOs\Exam\ExamDto.cs(16,23): warning CS8618: Non-nullable property 'CourseName' must contain a non-null value when exiting constructor. Consider adding the 'required' modifier or declaring the property as nullable. [D:\Courses\Projects\Examination_System\Examination_System\Examination_System.csproj]
D:\Courses\Projects\Examination_System\Examination_System\DTOs\Exam\ExamDto.cs(18,23): warning CS8618: Non-nullable property 'InstructorName' must contain a non-null value when exiting constructor. Consider adding the 'required' modifier or declaring the property as nullable. [D:\Courses\Projects\Examination_System\Examination_System\Examination_System.csproj]
D:\Courses\Projects\Examination_System\Examination_System\DTOs\Exam\CreateAutomaticExamDto.cs(11,23): warning CS8618: Non-nullable property 'Title' must contain a non-null value when exiting constructor. Consider adding the 'required' modifier or declaring the property as nullable. [D:\Courses\Projects\Examination_System\Examination_System\Examination_System.csproj]
D:\Courses\Projects\Examination_System\Examination_System\DTOs\Question\ChoiceToReturnForStudentDto.cs(6,23): warning CS8618: Non-nullable property 'Text' must contain a non-null value when exiting constructor. Consider adding the 'required' modifier or declaring the property as nullable. [D:\Courses\Projects\Examination_System\Examination_System\Examination_System.csproj]
D:\Courses\Projects\Examination_System\Examination_System\DTOs\ExamAttempt\resultToReturnDto.cs(9,40): warning CS8618: Non-nullable property 'Answers' must contain a non-null value when exiting constructor. Consider adding the 'required' modifier or declaring the property as nullable. [D:\Courses\Projects\Examination_System\Examination_System\Examination_System.csproj]
D:\Courses\Projects\Examination_System\Examination_System\DTOs\ExamAttempt\ExamToAttemptDto.cs(28,23): warning CS8618: Non-nullable property 'Text' must contain a non-null value when exiting constructor. Consider adding the 'required' modifier or declaring the property as nullable. [D:\Courses\Projects\Examination_System\Examination_System\Examination_System.csproj]
D:\Courses\Projects\Examination_System\Examination_System\DTOs\ExamAttempt\ExamToAttemptDto.cs(20,23): warning CS8618: Non-nullable property 'Title' must contain a non-null value when exiting constructor. Consider adding the 'required' modifier or declaring the property as nullable. [D:\Courses\Projects\Examination_System\Examination_System\Examination_System.csproj]
D:\Courses\Projects\Examination_System\Examination_System\DTOs\ExamAttempt\ExamAttemptDto.cs(29,36): warning CS8618: Non-nullable property 'Question' must contain a non-null value when exiting constructor. Consider adding the 'required' modifier or declaring the property as nullable. [D:\Courses\Projects\Examination_System\Examination_System\Examination_System.csproj]
D:\Courses\Projects\Examination_System\Examination_System\DTOs\ExamAttempt\ExamAttemptDto.cs(30,23): warning CS8618: Non-nullable property 'ChoiceAnswer' must contain a non-null value when exiting constructor. Consider adding the 'required' modifier or declaring the property as nullable. [D:\Courses\Projects\Examination_System\Examination_System\Examination_System.csproj]
D:\Courses\Projects\Examination_System\Examination_System\DTOs\ExamAttempt\AttemptAnswersDto.cs(9,45): warning CS8618: Non-nullable property 'Question' must contain a non-null value when exiting constructor. Consider adding the 'required' modifier or declaring the property as nullable. [D:\Courses\Projects\Examination_System\Examination_System\Examination_System.csproj]
D:\Courses\Projects\Examination_System\Examination_System\DTOs\ExamAttempt\AttemptAnswersDto.cs(11,22): warning CS8618: Non-nullable property 'SelectedChoiceText' must contain a non-null value when exiting constructor. Consider adding the 'required' modifier or declaring the property as nullable. [D:\Courses\Projects\Examination_System\Examination_System\Examination_System.csproj]
D:\Courses\Projects\Examination_System\Examination_System\DTOs\Course\CourseDto.cs(6,23): warning CS8618: Non-nullable property 'Name' must contain a non-null value when exiting constructor. Consider adding the 'required' modifier or declaring the property as nullable. [D:\Courses\Projects\Examination_System\Examination_System\Examination_System.csproj]
D:\Courses\Projects\Examination_System\Examination_System\DTOs\Course\CourseDto.cs(7,23): warning CS8618: Non-nullable property 'Description' must contain a non-null value when exiting constructor. Consider adding the 'required' modifier or declaring the property as nullable. [D:\Courses\Projects\Examination_System\Examination_System\Examination_System.csproj]
D:\Courses\Projects\Examination_System\Examination_System\DTOs\Course\CourseDto.cs(8,23): warning CS8618: Non-nullable property 'Hours' must contain a non-null value when exiting constructor. Consider adding the 'required' modifier or declaring the property as nullable. [D:\Courses\Projects\Examination_System\Examination_System\Examination_System.csproj]
D:\Courses\Projects\Examination_System\Examination_System\DTOs\Auth\RegisterDto.cs(9,23): warning CS8618: Non-nullable property 'FirstName' must contain a non-null value when exiting constructor. Consider adding the 'required' modifier or declaring the property as nullable. [D:\Courses\Projects\Examination_System\Examination_System\Examination_System.csproj]
D:\Courses\Projects\Examination_System\Examination_System\DTOs\Auth\RegisterDto.cs(12,23): warning CS8618: Non-nullable property 'LastName' must contain a non-null value when exiting constructor. Consider adding the 'required' modifier or declaring the property as nullable. [D:\Courses\Projects\Examination_System\Examination_System\Examination_System.csproj]
D:\Courses\Projects\Examination_System\Examination_System\DTOs\Auth\RegisterDto.cs(16,21): warning CS8618: Non-nullable property 'Password' must contain a non-null value when exiting constructor. Consider adding the 'required' modifier or declaring the property as nullable. [D:\Courses\Projects\Examination_System\Examination_System\Examination_System.csproj]
D:\Courses\Projects\Examination_System\Examination_System\DTOs\Auth\RegisterDto.cs(19,23): warning CS8618: Non-nullable property 'Email' must contain a non-null value when exiting constructor. Consider adding the 'required' modifier or declaring the property as nullable. [D:\Courses\Projects\Examination_System\Examination_System\Examination_System.csproj]
D:\Courses\Projects\Examination_System\Examination_System\DTOs\Auth\RegisterDto.cs(22,23): warning CS8618: Non-nullable property 'Phone' must contain a non-null value when exiting constructor. Consider adding the 'required' modifier or declaring the property as nullable. [D:\Courses\Projects\Examination_System\Examination_System\Examination_System.csproj]
D:\Courses\Projects\Examination_System\Examination_System\DTOs\Auth\LoginDto.cs(10,23): warning CS8618: Non-nullable property 'Email' must contain a non-null value when exiting constructor. Consider adding the 'required' modifier or declaring the property as nullable. [D:\Courses\Projects\Examination_System\Examination_System\Examination_System.csproj]
D:\Courses\Projects\Examination_System\Examination_System\DTOs\Auth\LoginDto.cs(13,23): warning CS8618: Non-nullable property 'Password' must contain a non-null value when exiting constructor. Consider adding the 'required' modifier or declaring the property as nullable. [D:\Courses\Projects\Examination_System\Examination_System\Examination_System.csproj]
D:\Courses\Projects\Examination_System\Examination_System\Services\ExamAttemptServices\Validators\ExamAvailabilityValidator.cs(40,43): warning CS8625: Cannot convert null literal to non-nullable reference type. [D:\Courses\Projects\Examination_System\Examination_System\Examination_System.csproj]
D:\Courses\Projects\Examination_System\Examination_System\Services\CurrentUserServices\CurrentUserServices.cs(22,31): warning CS8629: Nullable value type may be null. [D:\Courses\Projects\Examination_System\Examination_System\Examination_System.csproj]
D:\Courses\Projects\Examination_System\Examination_System\Controllers\ExamController.cs(53,17): warning CS8604: Possible null reference argument for parameter 'item' in 'void List<LinkViewModel>.Add(LinkViewModel item)'. [D:\Courses\Projects\Examination_System\Examination_System\Examination_System.csproj]
D:\Courses\Projects\Examination_System\Examination_System\Controllers\ExamController.cs(54,71): warning CS8602: Dereference of a possibly null reference. [D:\Courses\Projects\Examination_System\Examination_System\Examination_System.csproj]
D:\Courses\Projects\Examination_System\Examination_System\Controllers\ExamController.cs(54,17): warning CS8604: Possible null reference argument for parameter 'item' in 'void List<LinkViewModel>.Add(LinkViewModel item)'. [D:\Courses\Projects\Examination_System\Examination_System\Examination_System.csproj]
D:\Courses\Projects\Examination_System\Examination_System\Controllers\BaseController.cs(56,95): warning CS8604: Possible null reference argument for parameter 'message' in 'ResponseViewModel<TViewModel> ResponseViewModel<TViewModel>.Failure(ErrorCode errorCode, string message)'. [D:\Courses\Projects\Examination_System\Examination_System\Examination_System.csproj]
D:\Courses\Projects\Examination_System\Examination_System\ViewModels\Choice\ChoiceToReturnViewModel.cs(6,23): warning CS8618: Non-nullable property 'Text' must contain a non-null value when exiting constructor. Consider adding the 'required' modifier or declaring the property as nullable. [D:\Courses\Projects\Examination_System\Examination_System\Examination_System.csproj]
D:\Courses\Projects\Examination_System\Examination_System\Controllers\BaseController.cs(91,100): warning CS8604: Possible null reference argument for parameter 'message' in 'ResponseViewModel<IEnumerable<TViewModel>> ResponseViewModel<IEnumerable<TViewModel>>.Failure(ErrorCode errorCode, string message)'. [D:\Courses\Projects\Examination_System\Examination_System\Examination_System.csproj]
D:\Courses\Projects\Examination_System\Examination_System\Controllers\AccountController.cs(32,81): warning CS8604: Possible null reference argument for parameter 'message' in 'ResponseViewModel<UserDto> ResponseViewModel<UserDto>.Failure(ErrorCode errorCode, string message)'. [D:\Courses\Projects\Examination_System\Examination_System\Examination_System.csproj]
D:\Courses\Projects\Examination_System\Examination_System\Controllers\BaseController.cs(121,28): error CS1929: 'LinkGenerator' does not contain a definition for 'GetUriByAction' and the best extension method overload 'ControllerLinkGeneratorExtensions.GetUriByAction(LinkGenerator, HttpContext, string?, string?, object?, string?, HostString?, PathString?, FragmentString, LinkOptions?)' requires a receiver of type 'Microsoft.AspNetCore.Routing.LinkGenerator' [D:\Courses\Projects\Examination_System\Examination_System\Examination_System.csproj]
D:\Courses\Projects\Examination_System\Examination_System\Controllers\BaseController.cs(138,24): error CS1929: 'LinkGenerator' does not contain a definition for 'GetUriByAction' and the best extension method overload 'ControllerLinkGeneratorExtensions.GetUriByAction(LinkGenerator, HttpContext, string?, string?, object?, string?, HostString?, PathString?, FragmentString, LinkOptions?)' requires a receiver of type 'Microsoft.AspNetCore.Routing.LinkGenerator' [D:\Courses\Projects\Examination_System\Examination_System\Examination_System.csproj]
    94 Warning(s)
    2 Error(s)

Time Elapsed 00:00:07.96
